<?xml version="1.0" encoding="UTF-8"?>
<testng-results ignored="0" total="5" passed="5" failed="0" skipped="0">
  <reporter-output>
  </reporter-output>
  <suite started-at="2025-08-13T22:13:23 IST" name="Suite" finished-at="2025-08-13T22:13:38 IST" duration-ms="15724">
    <groups>
    </groups>
    <test started-at="2025-08-13T22:13:23 IST" name="ErrorTest" finished-at="2025-08-13T22:13:30 IST" duration-ms="7646">
      <class name="akhiraacademy.Tests.ErrorValidations">
        <test-method signature="LoginErrorValidation()[pri:0, instance:akhiraacademy.Tests.ErrorValidations@2931522b]" started-at="2025-08-13T22:13:23 IST" name="LoginErrorValidation" finished-at="2025-08-13T22:13:27 IST" duration-ms="4591" status="PASS">
          <reporter-output>
          </reporter-output>
        </test-method> <!-- LoginErrorValidation -->
        <test-method signature="ProductErrorValidation()[pri:0, instance:akhiraacademy.Tests.ErrorValidations@2931522b]" started-at="2025-08-13T22:13:27 IST" name="ProductErrorValidation" finished-at="2025-08-13T22:13:30 IST" duration-ms="2920" status="PASS">
          <reporter-output>
          </reporter-output>
        </test-method> <!-- ProductErrorValidation -->
      </class> <!-- akhiraacademy.Tests.ErrorValidations -->
    </test> <!-- ErrorTest -->
    <test started-at="2025-08-13T22:13:23 IST" name="SubmitTest" finished-at="2025-08-13T22:13:38 IST" duration-ms="15724">
      <class name="akhiraacademy.Tests.FinalSolutionJson">
        <test-method signature="submitOrder(java.util.HashMap)[pri:0, instance:akhiraacademy.Tests.FinalSolutionJson@3b79fd76]" started-at="2025-08-13T22:13:23 IST" name="submitOrder" data-provider="getData" finished-at="2025-08-13T22:13:30 IST" duration-ms="7019" status="PASS">
          <params>
            <param index="0">
              <value>
                <![CDATA[{zipcode=502032, firstname=Ashwin, uname=standard_user, pwd=secret_sauce, productName=Sauce Labs Backpack, lastname=Kumar}]]>
              </value>
            </param>
          </params>
          <reporter-output>
          </reporter-output>
        </test-method> <!-- submitOrder -->
        <test-method signature="submitOrder(java.util.HashMap)[pri:0, instance:akhiraacademy.Tests.FinalSolutionJson@3b79fd76]" started-at="2025-08-13T22:13:30 IST" name="submitOrder" data-provider="getData" finished-at="2025-08-13T22:13:37 IST" duration-ms="6280" status="PASS">
          <params>
            <param index="0">
              <value>
                <![CDATA[{zipcode=502032, firstname=Akhira, uname=visual_user, pwd=secret_sauce, productName=Sauce Labs Backpack, lastname=Kumar}]]>
              </value>
            </param>
          </params>
          <reporter-output>
          </reporter-output>
        </test-method> <!-- submitOrder -->
        <test-method signature="LogoutApplication()[pri:0, instance:akhiraacademy.Tests.FinalSolutionJson@3b79fd76]" started-at="2025-08-13T22:13:37 IST" name="LogoutApplication" finished-at="2025-08-13T22:13:38 IST" depends-on-methods="akhiraacademy.Tests.FinalSolutionJson.submitOrder" duration-ms="1513" status="PASS">
          <reporter-output>
          </reporter-output>
        </test-method> <!-- LogoutApplication -->
      </class> <!-- akhiraacademy.Tests.FinalSolutionJson -->
    </test> <!-- SubmitTest -->
  </suite> <!-- Suite -->
</testng-results>
