<?xml version="1.0" encoding="UTF-8"?>
<!-- Generated by org.testng.reporters.JUnitXMLReporter -->
<testsuite ignored="7" hostname="DESKTOP-JCE9V8H" failures="0" tests="3" name="Regression" time="0.137" errors="0" timestamp="2025-08-06T15:40:46 IST">
  <testcase classname="com.example.my_first_maven_project.Day2" name="homeLoanAPI" time="0.023"/>
  <testcase classname="com.example.my_first_maven_project.Day4" name="MobileLoanAPI" time="0.002"/>
  <testcase classname="com.example.my_first_maven_project.Day1" name="carLoanMobile" time="0.004"/>
  <testcase classname="com.example.my_first_maven_project.Day2" name="homeLoanMobile" time="0.0">
    <ignored/>
  </testcase> <!-- homeLoanMobile -->
  <testcase classname="com.example.my_first_maven_project.Day1" name="carLoanAPI" time="0.0">
    <ignored/>
  </testcase> <!-- carLoanAPI -->
  <testcase classname="com.example.my_first_maven_project.Day4" name="MobileLoanMobile" time="0.0">
    <ignored/>
  </testcase> <!-- MobileLoanMobile -->
  <testcase classname="com.example.my_first_maven_project.Day2" name="homeLoanWeb" time="0.0">
    <ignored/>
  </testcase> <!-- homeLoanWeb -->
  <testcase classname="com.example.my_first_maven_project.Day4" name="MobileLoanWeb" time="0.0">
    <ignored/>
  </testcase> <!-- MobileLoanWeb -->
  <testcase classname="com.example.my_first_maven_project.Day4" name="cellLoanAPI" time="0.0">
    <ignored/>
  </testcase> <!-- cellLoanAPI -->
  <testcase classname="com.example.my_first_maven_project.Day1" name="carLoanWeb" time="0.0">
    <ignored/>
  </testcase> <!-- carLoanWeb -->
</testsuite> <!-- Regression -->
