<?xml version="1.0" encoding="UTF-8"?>
<!-- Generated by org.testng.reporters.JUnitXMLReporter -->
<testsuite ignored="4" hostname="DESKTOP-JCE9V8H" failures="0" tests="6" name="Test2" time="0.167" errors="0" timestamp="2025-08-06T20:02:07 IST">
  <testcase classname="com.example.my_first_maven_project.Day2" name="NewLogin" time="0.021"/>
  <testcase classname="com.example.my_first_maven_project.Day2" name="homeLoanMobile" time="0.002"/>
  <testcase classname="com.example.my_first_maven_project.Day2" name="homeLoanWeb" time="0.003"/>
  <testcase classname="com.example.my_first_maven_project.Day2" name="homeLoanWeb" time="0.002"/>
  <testcase classname="com.example.my_first_maven_project.Day2" name="homeLoanWeb" time="0.002"/>
  <testcase classname="com.example.my_first_maven_project.Day4" name="cellLoanAPI" time="0.003"/>
  <testcase classname="com.example.my_first_maven_project.Day2" name="homeLoanAPI" time="0.0">
    <ignored/>
  </testcase> <!-- homeLoanAPI -->
  <testcase classname="com.example.my_first_maven_project.Day4" name="MobileLoanMobile" time="0.0">
    <ignored/>
  </testcase> <!-- MobileLoanMobile -->
  <testcase classname="com.example.my_first_maven_project.Day4" name="MobileLoanWeb" time="0.0">
    <ignored/>
  </testcase> <!-- MobileLoanWeb -->
  <testcase classname="com.example.my_first_maven_project.Day4" name="MobileLoanAPI" time="0.0">
    <ignored/>
  </testcase> <!-- MobileLoanAPI -->
</testsuite> <!-- Test2 -->
