<?xml version="1.0" encoding="UTF-8"?>
<testng-results ignored="0" total="1" passed="1" failed="0" skipped="0">
  <reporter-output>
  </reporter-output>
  <suite started-at="2025-08-12T10:30:39 IST" name="Default suite" finished-at="2025-08-12T10:30:43 IST" duration-ms="3818">
    <groups>
    </groups>
    <test started-at="2025-08-12T10:30:39 IST" name="Default test" finished-at="2025-08-12T10:30:43 IST" duration-ms="3818">
      <class name="akhiraacademy.ExtentReports.ExtentReportsDemo">
        <test-method signature="initialDemo()[pri:0, instance:akhiraacademy.ExtentReports.ExtentReportsDemo@45ca843]" started-at="2025-08-12T10:30:39 IST" name="initialDemo" finished-at="2025-08-12T10:30:43 IST" duration-ms="3698" status="PASS">
          <reporter-output>
          </reporter-output>
        </test-method> <!-- initialDemo -->
      </class> <!-- akhiraacademy.ExtentReports.ExtentReportsDemo -->
    </test> <!-- Default test -->
  </suite> <!-- Default suite -->
</testng-results>
