<?xml version="1.0" encoding="UTF-8"?>
<!-- Generated by org.testng.reporters.JUnitXMLReporter -->
<testsuite ignored="0" hostname="DESKTOP-JCE9V8H" failures="0" tests="3" name="SubmitTest" time="15.724" errors="0" timestamp="2025-08-13T22:13:38 IST">
  <testcase classname="akhiraacademy.Tests.FinalSolutionJson" name="submitOrder" time="7.019"/>
  <testcase classname="akhiraacademy.Tests.FinalSolutionJson" name="submitOrder" time="6.28"/>
  <testcase classname="akhiraacademy.Tests.FinalSolutionJson" name="LogoutApplication" time="1.513"/>
</testsuite> <!-- SubmitTest -->
