<?xml version="1.0" encoding="UTF-8"?>
<testsuite xmlns:xsi="http://www.w3.org/2001/XMLSchema-instance" xsi:noNamespaceSchemaLocation="https://maven.apache.org/surefire/maven-surefire-plugin/xsd/surefire-test-report.xsd" version="3.0.2" name="TestSuite" time="30.273" tests="5" errors="0" skipped="0" failures="0">
  <properties>
[...]
</properties>
  <testcase name="LoginErrorValidation" classname="akhiraacademy.Tests.ErrorValidations" time="13.462">
    <system-out><![CDATA[16:35:03.493 [main] DEBUG org.testng.TestNG - suiteXmlPath: "C:\Users\user\eclipse-workspace\SeleniumFramework\testsuites\testng.xml"
]]></system-out>
  </testcase>
  <testcase name="ProductErrorValidation" classname="akhiraacademy.Tests.ErrorValidations" time="7.257"/>
  <testcase name="submitOrder[standard_user, secret_sauce, Sauce Labs Backpack, Ashwin, Kumar, 502032](1)" classname="akhiraacademy.Tests.FinalSolution" time="2.117"/>
  <testcase name="submitOrder[visual_user, secret_sauce, Sauce Labs Backpack, Akhira, Kumar, 502032](2)" classname="akhiraacademy.Tests.FinalSolution" time="11.555"/>
  <testcase name="LogoutApplication" classname="akhiraacademy.Tests.FinalSolution" time="1.451"/>
</testsuite>