<?xml version="1.0" encoding="UTF-8"?>
<testng-results ignored="0" total="5" passed="5" failed="0" skipped="0">
  <reporter-output>
  </reporter-output>
  <suite started-at="2025-08-13T16:35:04 IST" name="Suite" finished-at="2025-08-13T16:35:33 IST" duration-ms="28711">
    <groups>
    </groups>
    <test started-at="2025-08-13T16:35:04 IST" name="ErrorTest" finished-at="2025-08-13T16:35:27 IST" duration-ms="22969">
      <class name="akhiraacademy.Tests.ErrorValidations">
        <test-method signature="LoginErrorValidation()[pri:0, instance:akhiraacademy.Tests.ErrorValidations@5e21e98f]" started-at="2025-08-13T16:35:04 IST" name="LoginErrorValidation" finished-at="2025-08-13T16:35:17 IST" duration-ms="13465" status="PASS">
          <reporter-output>
          </reporter-output>
        </test-method> <!-- LoginErrorValidation -->
        <test-method signature="ProductErrorValidation()[pri:0, instance:akhiraacademy.Tests.ErrorValidations@5e21e98f]" started-at="2025-08-13T16:35:17 IST" name="ProductErrorValidation" finished-at="2025-08-13T16:35:27 IST" duration-ms="9374" status="PASS">
          <reporter-output>
          </reporter-output>
        </test-method> <!-- ProductErrorValidation -->
      </class> <!-- akhiraacademy.Tests.ErrorValidations -->
    </test> <!-- ErrorTest -->
    <test started-at="2025-08-13T16:35:04 IST" name="SubmitTest" finished-at="2025-08-13T16:35:33 IST" duration-ms="28711">
      <class name="akhiraacademy.Tests.FinalSolution">
        <test-method signature="submitOrder(java.lang.String,java.lang.String,java.lang.String,java.lang.String,java.lang.String,java.lang.String)[pri:0, instance:akhiraacademy.Tests.FinalSolution@62656be4]" started-at="2025-08-13T16:35:04 IST" name="submitOrder" data-provider="getData" finished-at="2025-08-13T16:35:20 IST" duration-ms="15599" status="PASS">
          <params>
            <param index="0">
              <value>
                <![CDATA[standard_user]]>
              </value>
            </param>
            <param index="1">
              <value>
                <![CDATA[secret_sauce]]>
              </value>
            </param>
            <param index="2">
              <value>
                <![CDATA[Sauce Labs Backpack]]>
              </value>
            </param>
            <param index="3">
              <value>
                <![CDATA[Ashwin]]>
              </value>
            </param>
            <param index="4">
              <value>
                <![CDATA[Kumar]]>
              </value>
            </param>
            <param index="5">
              <value>
                <![CDATA[502032]]>
              </value>
            </param>
          </params>
          <reporter-output>
          </reporter-output>
        </test-method> <!-- submitOrder -->
        <test-method signature="submitOrder(java.lang.String,java.lang.String,java.lang.String,java.lang.String,java.lang.String,java.lang.String)[pri:0, instance:akhiraacademy.Tests.FinalSolution@62656be4]" started-at="2025-08-13T16:35:20 IST" name="submitOrder" data-provider="getData" finished-at="2025-08-13T16:35:31 IST" duration-ms="11556" status="PASS">
          <params>
            <param index="0">
              <value>
                <![CDATA[visual_user]]>
              </value>
            </param>
            <param index="1">
              <value>
                <![CDATA[secret_sauce]]>
              </value>
            </param>
            <param index="2">
              <value>
                <![CDATA[Sauce Labs Backpack]]>
              </value>
            </param>
            <param index="3">
              <value>
                <![CDATA[Akhira]]>
              </value>
            </param>
            <param index="4">
              <value>
                <![CDATA[Kumar]]>
              </value>
            </param>
            <param index="5">
              <value>
                <![CDATA[502032]]>
              </value>
            </param>
          </params>
          <reporter-output>
          </reporter-output>
        </test-method> <!-- submitOrder -->
        <test-method signature="LogoutApplication()[pri:0, instance:akhiraacademy.Tests.FinalSolution@62656be4]" started-at="2025-08-13T16:35:31 IST" name="LogoutApplication" finished-at="2025-08-13T16:35:33 IST" depends-on-methods="akhiraacademy.Tests.FinalSolution.submitOrder" duration-ms="1447" status="PASS">
          <reporter-output>
          </reporter-output>
        </test-method> <!-- LogoutApplication -->
      </class> <!-- akhiraacademy.Tests.FinalSolution -->
    </test> <!-- SubmitTest -->
  </suite> <!-- Suite -->
</testng-results>
