<?xml version="1.0" encoding="UTF-8"?>
<!-- Generated by org.testng.reporters.JUnitXMLReporter -->
<testsuite ignored="0" hostname="DESKTOP-JCE9V8H" failures="0" tests="3" name="SubmitTest" time="28.711" errors="0" timestamp="2025-08-13T16:35:33 IST">
  <testcase classname="akhiraacademy.Tests.FinalSolution" name="submitOrder" time="15.599"/>
  <testcase classname="akhiraacademy.Tests.FinalSolution" name="submitOrder" time="11.556"/>
  <testcase classname="akhiraacademy.Tests.FinalSolution" name="LogoutApplication" time="1.447"/>
</testsuite> <!-- SubmitTest -->
